[35m[1mConsolidate compiler generated dependencies of target dummy[0m
[ 50%] Built target listener
[ 75%] [32mBuilding CXX object CMakeFiles/dummy.dir/src/dummy.cpp.o[0m
[01m[K/home/tingsheng/Documents/Personal/ros2_drive_controller/ros2_ws/src/diff_drive_controller/src/dummy.cpp:[m[K In function ‘[01m[Kint main(int, char**)[m[K’:
[01m[K/home/tingsheng/Documents/Personal/ros2_drive_controller/ros2_ws/src/diff_drive_controller/src/dummy.cpp:19:21:[m[K [01;35m[Kwarning: [m[Kunused variable ‘[01m[Ktwist_sub[m[K’ [[01;35m[K]8;;https://gcc.gnu.org/onlinedocs/gcc/Warning-Options.html#index-Wunused-variable-Wunused-variable]8;;[m[K]
   19 |     TwistSubscriber [01;35m[Ktwist_sub[m[K;
      |                     [01;35m[K^~~~~~~~~[m[K
[100%] [32m[1mLinking CXX executable dummy[0m
[100%] Built target dummy
-- Install configuration: ""
-- Execute custom install script
-- Up-to-date symlink: /home/tingsheng/Documents/Personal/ros2_drive_controller/ros2_ws/install/diff_drive_controller/lib/diff_drive_controller/listener
-- Up-to-date symlink: /home/tingsheng/Documents/Personal/ros2_drive_controller/ros2_ws/install/diff_drive_controller/lib/diff_drive_controller/dummy
-- Up-to-date symlink: /home/tingsheng/Documents/Personal/ros2_drive_controller/ros2_ws/install/diff_drive_controller/share/ament_index/resource_index/package_run_dependencies/diff_drive_controller
-- Up-to-date symlink: /home/tingsheng/Documents/Personal/ros2_drive_controller/ros2_ws/install/diff_drive_controller/share/ament_index/resource_index/parent_prefix_path/diff_drive_controller
-- Up-to-date symlink: /home/tingsheng/Documents/Personal/ros2_drive_controller/ros2_ws/install/diff_drive_controller/share/diff_drive_controller/environment/ament_prefix_path.sh
-- Up-to-date symlink: /home/tingsheng/Documents/Personal/ros2_drive_controller/ros2_ws/install/diff_drive_controller/share/diff_drive_controller/environment/ament_prefix_path.dsv
-- Up-to-date symlink: /home/tingsheng/Documents/Personal/ros2_drive_controller/ros2_ws/install/diff_drive_controller/share/diff_drive_controller/environment/path.sh
-- Up-to-date symlink: /home/tingsheng/Documents/Personal/ros2_drive_controller/ros2_ws/install/diff_drive_controller/share/diff_drive_controller/environment/path.dsv
-- Up-to-date symlink: /home/tingsheng/Documents/Personal/ros2_drive_controller/ros2_ws/install/diff_drive_controller/share/diff_drive_controller/local_setup.bash
-- Up-to-date symlink: /home/tingsheng/Documents/Personal/ros2_drive_controller/ros2_ws/install/diff_drive_controller/share/diff_drive_controller/local_setup.sh
-- Up-to-date symlink: /home/tingsheng/Documents/Personal/ros2_drive_controller/ros2_ws/install/diff_drive_controller/share/diff_drive_controller/local_setup.zsh
-- Up-to-date symlink: /home/tingsheng/Documents/Personal/ros2_drive_controller/ros2_ws/install/diff_drive_controller/share/diff_drive_controller/local_setup.dsv
-- Symlinking: /home/tingsheng/Documents/Personal/ros2_drive_controller/ros2_ws/install/diff_drive_controller/share/diff_drive_controller/package.dsv
-- Up-to-date symlink: /home/tingsheng/Documents/Personal/ros2_drive_controller/ros2_ws/install/diff_drive_controller/share/ament_index/resource_index/packages/diff_drive_controller
-- Up-to-date symlink: /home/tingsheng/Documents/Personal/ros2_drive_controller/ros2_ws/install/diff_drive_controller/share/diff_drive_controller/cmake/diff_drive_controllerConfig.cmake
-- Up-to-date symlink: /home/tingsheng/Documents/Personal/ros2_drive_controller/ros2_ws/install/diff_drive_controller/share/diff_drive_controller/cmake/diff_drive_controllerConfig-version.cmake
-- Up-to-date symlink: /home/tingsheng/Documents/Personal/ros2_drive_controller/ros2_ws/install/diff_drive_controller/share/diff_drive_controller/package.xml
