-- Found ament_cmake: 1.3.11 (/opt/ros/humble/share/ament_cmake/cmake)
-- Override CMake install command with custom implementation using symlinks instead of copying resources
-- Found rclcpp: 16.0.12 (/opt/ros/humble/share/rclcpp/cmake)
-- Found rosidl_generator_c: 3.1.6 (/opt/ros/humble/share/rosidl_generator_c/cmake)
-- Found rosidl_adapter: 3.1.6 (/opt/ros/humble/share/rosidl_adapter/cmake)
-- Found rosidl_generator_cpp: 3.1.6 (/opt/ros/humble/share/rosidl_generator_cpp/cmake)
-- Using all available rosidl_typesupport_c: rosidl_typesupport_fastrtps_c;rosidl_typesupport_introspection_c
-- Using all available rosidl_typesupport_cpp: rosidl_typesupport_fastrtps_cpp;rosidl_typesupport_introspection_cpp
-- Found rmw_implementation_cmake: 6.1.2 (/opt/ros/humble/share/rmw_implementation_cmake/cmake)
-- Found rmw_fastrtps_cpp: 6.2.7 (/opt/ros/humble/share/rmw_fastrtps_cpp/cmake)
-- Using RMW implementation 'rmw_fastrtps_cpp' as default
-- Found geometry_msgs: 4.8.0 (/opt/ros/humble/share/geometry_msgs/cmake)
-- Found ament_lint_auto: 0.12.12 (/opt/ros/humble/share/ament_lint_auto/cmake)
-- Configuring done
-- Generating done
-- Build files have been written to: /home/tingsheng/Documents/Personal/ros2_drive_controller/ros2_ws/build/diff_drive_controller
[ 50%] [32mBuilding CXX object CMakeFiles/listener.dir/src/publisher_member_function.cpp.o[0m
[01m[K/home/tingsheng/Documents/Personal/ros2_drive_controller/ros2_ws/src/diff_drive_controller/src/publisher_member_function.cpp:[m[K In constructor ‘[01m[KMinimalSubscriber::MinimalSubscriber()[m[K’:
[01m[K/home/tingsheng/Documents/Personal/ros2_drive_controller/ros2_ws/src/diff_drive_controller/src/publisher_member_function.cpp:15:49:[m[K [01;31m[Kerror: [m[K‘[01m[Kgeoemetry_msgs[m[K’ was not declared in this scope; did you mean ‘[01m[Kgeometry_msgs[m[K’?
   15 |       subscription_ = this->create_subscription<[01;31m[Kgeoemetry_msgs[m[K::msg::Twist>(
      |                                                 [01;31m[K^~~~~~~~~~~~~~[m[K
      |                                                 [32m[Kgeometry_msgs[m[K
[01m[K/home/tingsheng/Documents/Personal/ros2_drive_controller/ros2_ws/src/diff_drive_controller/src/publisher_member_function.cpp:15:29:[m[K [01;31m[Kerror: [m[Kparse error in template argument list
   15 |       subscription_ = this->[01;31m[Kcreate_subscription<geoemetry_msgs::msg::Twist>[m[K(
      |                             [01;31m[K^~~~~~~~~~~~~~~~~~~~~~~~~~~~~~~~~~~~~~~~~~~~~~~[m[K
[01m[K/home/tingsheng/Documents/Personal/ros2_drive_controller/ros2_ws/src/diff_drive_controller/src/publisher_member_function.cpp:15:76:[m[K [01;31m[Kerror: [m[Kno matching function for call to ‘[01m[KMinimalSubscriber::create_subscription<<expression error> >(const char [8], int, std::_Bind_helper<false, void (MinimalSubscriber::*)(const std_msgs::msg::String_<std::allocator<void> >&) const, MinimalSubscriber*, const std::_Placeholder<1>&>::type)[m[K’
   15 |       subscription_ = [01;31m[Kthis->create_subscription<geoemetry_msgs::msg::Twist>([m[K
      |                       [01;31m[K~~~~~~~~~~~~~~~~~~~~~~~~~~~~~~~~~~~~~~~~~~~~~~~~~~~~~^[m[K
   16 | [01;31m[K      "cmd_vel", 10, std::bind(&MinimalSubscriber::topic_callback, this, _1))[m[K;
      |       [01;31m[K~~~~~~~~~~~~~~~~~~~~~~~~~~~~~~~~~~~~~~~~~~~~~~~~~~~~~~~~~~~~~~~~~~~~~~~[m[K
In file included from [01m[K/opt/ros/humble/include/rclcpp/rclcpp/executors/single_threaded_executor.hpp:28[m[K,
                 from [01m[K/opt/ros/humble/include/rclcpp/rclcpp/executors.hpp:22[m[K,
                 from [01m[K/opt/ros/humble/include/rclcpp/rclcpp/rclcpp.hpp:155[m[K,
                 from [01m[K/home/tingsheng/Documents/Personal/ros2_drive_controller/ros2_ws/src/diff_drive_controller/src/publisher_member_function.cpp:3[m[K:
[01m[K/opt/ros/humble/include/rclcpp/rclcpp/node.hpp:219:3:[m[K [01;36m[Knote: [m[Kcandidate: ‘[01m[Ktemplate<class MessageT, class CallbackT, class AllocatorT, class SubscriptionT, class MessageMemoryStrategyT> std::shared_ptr<ROSMessageT> rclcpp::Node::create_subscription(const string&, const rclcpp::QoS&, CallbackT&&, const rclcpp::SubscriptionOptionsWithAllocator<AllocatorT>&, typename MessageMemoryStrategyT::SharedPtr)[m[K’
  219 |   [01;36m[Kcreate_subscription[m[K(
      |   [01;36m[K^~~~~~~~~~~~~~~~~~~[m[K
[01m[K/opt/ros/humble/include/rclcpp/rclcpp/node.hpp:219:3:[m[K [01;36m[Knote: [m[K  template argument deduction/substitution failed:
[01m[K/home/tingsheng/Documents/Personal/ros2_drive_controller/ros2_ws/src/diff_drive_controller/src/publisher_member_function.cpp:15:76:[m[K [01;31m[Kerror: [m[Ktemplate argument 1 is invalid
   15 |       subscription_ = [01;31m[Kthis->create_subscription<geoemetry_msgs::msg::Twist>([m[K
      |                       [01;31m[K~~~~~~~~~~~~~~~~~~~~~~~~~~~~~~~~~~~~~~~~~~~~~~~~~~~~~^[m[K
   16 | [01;31m[K      "cmd_vel", 10, std::bind(&MinimalSubscriber::topic_callback, this, _1))[m[K;
      |       [01;31m[K~~~~~~~~~~~~~~~~~~~~~~~~~~~~~~~~~~~~~~~~~~~~~~~~~~~~~~~~~~~~~~~~~~~~~~~[m[K
In file included from [01m[K/opt/ros/humble/include/rclcpp/rclcpp/logging.hpp:24[m[K,
                 from [01m[K/opt/ros/humble/include/rclcpp/rclcpp/client.hpp:40[m[K,
                 from [01m[K/opt/ros/humble/include/rclcpp/rclcpp/callback_group.hpp:24[m[K,
                 from [01m[K/opt/ros/humble/include/rclcpp/rclcpp/any_executable.hpp:20[m[K,
                 from [01m[K/opt/ros/humble/include/rclcpp/rclcpp/memory_strategy.hpp:25[m[K,
                 from [01m[K/opt/ros/humble/include/rclcpp/rclcpp/memory_strategies.hpp:18[m[K,
                 from [01m[K/opt/ros/humble/include/rclcpp/rclcpp/executor_options.hpp:20[m[K,
                 from [01m[K/opt/ros/humble/include/rclcpp/rclcpp/executor.hpp:37[m[K,
                 from [01m[K/opt/ros/humble/include/rclcpp/rclcpp/executors/multi_threaded_executor.hpp:25[m[K,
                 from [01m[K/opt/ros/humble/include/rclcpp/rclcpp/executors.hpp:21[m[K,
                 from [01m[K/opt/ros/humble/include/rclcpp/rclcpp/rclcpp.hpp:155[m[K,
                 from [01m[K/home/tingsheng/Documents/Personal/ros2_drive_controller/ros2_ws/src/diff_drive_controller/src/publisher_member_function.cpp:3[m[K:
[01m[K/home/tingsheng/Documents/Personal/ros2_drive_controller/ros2_ws/src/diff_drive_controller/src/publisher_member_function.cpp:[m[K In member function ‘[01m[Kvoid MinimalSubscriber::topic_callback(const String&) const[m[K’:
[01m[K/home/tingsheng/Documents/Personal/ros2_drive_controller/ros2_ws/src/diff_drive_controller/src/publisher_member_function.cpp:24:10:[m[K [01;31m[Kerror: [m[Kbase operand of ‘[01m[K->[m[K’ has non-pointer type ‘[01m[Kconst String[m[K’ {aka ‘[01m[Kconst std_msgs::msg::String_<std::allocator<void> >[m[K’}
   24 |       msg[01;31m[K->[m[Klinear.x, msg->linear.y, msg->linear.z,
      |          [01;31m[K^~[m[K
[01m[K/home/tingsheng/Documents/Personal/ros2_drive_controller/ros2_ws/src/diff_drive_controller/src/publisher_member_function.cpp:24:25:[m[K [01;31m[Kerror: [m[Kbase operand of ‘[01m[K->[m[K’ has non-pointer type ‘[01m[Kconst String[m[K’ {aka ‘[01m[Kconst std_msgs::msg::String_<std::allocator<void> >[m[K’}
   24 |       msg->linear.x, msg[01;31m[K->[m[Klinear.y, msg->linear.z,
      |                         [01;31m[K^~[m[K
[01m[K/home/tingsheng/Documents/Personal/ros2_drive_controller/ros2_ws/src/diff_drive_controller/src/publisher_member_function.cpp:24:40:[m[K [01;31m[Kerror: [m[Kbase operand of ‘[01m[K->[m[K’ has non-pointer type ‘[01m[Kconst String[m[K’ {aka ‘[01m[Kconst std_msgs::msg::String_<std::allocator<void> >[m[K’}
   24 |       msg->linear.x, msg->linear.y, msg[01;31m[K->[m[Klinear.z,
      |                                        [01;31m[K^~[m[K
[01m[K/home/tingsheng/Documents/Personal/ros2_drive_controller/ros2_ws/src/diff_drive_controller/src/publisher_member_function.cpp:25:10:[m[K [01;31m[Kerror: [m[Kbase operand of ‘[01m[K->[m[K’ has non-pointer type ‘[01m[Kconst String[m[K’ {aka ‘[01m[Kconst std_msgs::msg::String_<std::allocator<void> >[m[K’}
   25 |       msg[01;31m[K->[m[Kangular.x, msg->angular.y, msg->angular.z);
      |          [01;31m[K^~[m[K
[01m[K/home/tingsheng/Documents/Personal/ros2_drive_controller/ros2_ws/src/diff_drive_controller/src/publisher_member_function.cpp:25:26:[m[K [01;31m[Kerror: [m[Kbase operand of ‘[01m[K->[m[K’ has non-pointer type ‘[01m[Kconst String[m[K’ {aka ‘[01m[Kconst std_msgs::msg::String_<std::allocator<void> >[m[K’}
   25 |       msg->angular.x, msg[01;31m[K->[m[Kangular.y, msg->angular.z);
      |                          [01;31m[K^~[m[K
[01m[K/home/tingsheng/Documents/Personal/ros2_drive_controller/ros2_ws/src/diff_drive_controller/src/publisher_member_function.cpp:25:42:[m[K [01;31m[Kerror: [m[Kbase operand of ‘[01m[K->[m[K’ has non-pointer type ‘[01m[Kconst String[m[K’ {aka ‘[01m[Kconst std_msgs::msg::String_<std::allocator<void> >[m[K’}
   25 |       msg->angular.x, msg->angular.y, msg[01;31m[K->[m[Kangular.z);
      |                                          [01;31m[K^~[m[K
gmake[2]: *** [CMakeFiles/listener.dir/build.make:76: CMakeFiles/listener.dir/src/publisher_member_function.cpp.o] Error 1
gmake[1]: *** [CMakeFiles/Makefile2:137: CMakeFiles/listener.dir/all] Error 2
gmake: *** [Makefile:146: all] Error 2
