-- Found ament_cmake: 1.3.11 (/opt/ros/humble/share/ament_cmake/cmake)
-- Override CMake install command with custom implementation using symlinks instead of copying resources
-- Found rclcpp: 16.0.12 (/opt/ros/humble/share/rclcpp/cmake)
-- Found rosidl_generator_c: 3.1.6 (/opt/ros/humble/share/rosidl_generator_c/cmake)
-- Found rosidl_adapter: 3.1.6 (/opt/ros/humble/share/rosidl_adapter/cmake)
-- Found rosidl_generator_cpp: 3.1.6 (/opt/ros/humble/share/rosidl_generator_cpp/cmake)
-- Using all available rosidl_typesupport_c: rosidl_typesupport_fastrtps_c;rosidl_typesupport_introspection_c
-- Using all available rosidl_typesupport_cpp: rosidl_typesupport_fastrtps_cpp;rosidl_typesupport_introspection_cpp
-- Found rmw_implementation_cmake: 6.1.2 (/opt/ros/humble/share/rmw_implementation_cmake/cmake)
-- Found rmw_fastrtps_cpp: 6.2.7 (/opt/ros/humble/share/rmw_fastrtps_cpp/cmake)
-- Using RMW implementation 'rmw_fastrtps_cpp' as default
-- Found geometry_msgs: 4.8.0 (/opt/ros/humble/share/geometry_msgs/cmake)
-- Found ament_lint_auto: 0.12.12 (/opt/ros/humble/share/ament_lint_auto/cmake)
-- Configuring done
-- Generating done
-- Build files have been written to: /home/tingsheng/Documents/Personal/ros2_drive_controller/ros2_ws/build/diff_drive_controller
[35m[1mConsolidate compiler generated dependencies of target listener[0m
[ 50%] [32mBuilding CXX object CMakeFiles/listener.dir/src/publisher_member_function.cpp.o[0m
[100%] [32m[1mLinking CXX executable listener[0m
[100%] Built target listener
-- Install configuration: ""
-- Execute custom install script
-- Up-to-date symlink: /home/tingsheng/Documents/Personal/ros2_drive_controller/ros2_ws/install/diff_drive_controller/lib/diff_drive_controller/listener
-- Up-to-date symlink: /home/tingsheng/Documents/Personal/ros2_drive_controller/ros2_ws/install/diff_drive_controller/share/ament_index/resource_index/package_run_dependencies/diff_drive_controller
-- Up-to-date symlink: /home/tingsheng/Documents/Personal/ros2_drive_controller/ros2_ws/install/diff_drive_controller/share/ament_index/resource_index/parent_prefix_path/diff_drive_controller
-- Up-to-date symlink: /home/tingsheng/Documents/Personal/ros2_drive_controller/ros2_ws/install/diff_drive_controller/share/diff_drive_controller/environment/ament_prefix_path.sh
-- Up-to-date symlink: /home/tingsheng/Documents/Personal/ros2_drive_controller/ros2_ws/install/diff_drive_controller/share/diff_drive_controller/environment/ament_prefix_path.dsv
-- Up-to-date symlink: /home/tingsheng/Documents/Personal/ros2_drive_controller/ros2_ws/install/diff_drive_controller/share/diff_drive_controller/environment/path.sh
-- Up-to-date symlink: /home/tingsheng/Documents/Personal/ros2_drive_controller/ros2_ws/install/diff_drive_controller/share/diff_drive_controller/environment/path.dsv
-- Up-to-date symlink: /home/tingsheng/Documents/Personal/ros2_drive_controller/ros2_ws/install/diff_drive_controller/share/diff_drive_controller/local_setup.bash
-- Up-to-date symlink: /home/tingsheng/Documents/Personal/ros2_drive_controller/ros2_ws/install/diff_drive_controller/share/diff_drive_controller/local_setup.sh
-- Up-to-date symlink: /home/tingsheng/Documents/Personal/ros2_drive_controller/ros2_ws/install/diff_drive_controller/share/diff_drive_controller/local_setup.zsh
-- Up-to-date symlink: /home/tingsheng/Documents/Personal/ros2_drive_controller/ros2_ws/install/diff_drive_controller/share/diff_drive_controller/local_setup.dsv
-- Symlinking: /home/tingsheng/Documents/Personal/ros2_drive_controller/ros2_ws/install/diff_drive_controller/share/diff_drive_controller/package.dsv
-- Up-to-date symlink: /home/tingsheng/Documents/Personal/ros2_drive_controller/ros2_ws/install/diff_drive_controller/share/ament_index/resource_index/packages/diff_drive_controller
-- Up-to-date symlink: /home/tingsheng/Documents/Personal/ros2_drive_controller/ros2_ws/install/diff_drive_controller/share/diff_drive_controller/cmake/diff_drive_controllerConfig.cmake
-- Up-to-date symlink: /home/tingsheng/Documents/Personal/ros2_drive_controller/ros2_ws/install/diff_drive_controller/share/diff_drive_controller/cmake/diff_drive_controllerConfig-version.cmake
-- Up-to-date symlink: /home/tingsheng/Documents/Personal/ros2_drive_controller/ros2_ws/install/diff_drive_controller/share/diff_drive_controller/package.xml
