[0.012s] Invoking command in '/home/tingsheng/Documents/Personal/ros2_drive_controller/ros2_ws/build/diff_drive_controller': CMAKE_PREFIX_PATH=${CMAKE_PREFIX_PATH}:/home/tingsheng/ws_isaacsim/install/isaac_ros_navigation_goal:/home/tingsheng/ws_moveit/install/moveit_configs_utils:/home/tingsheng/ws_moveit/install/launch_param_builder:/opt/ros/humble /usr/bin/cmake --build /home/tingsheng/Documents/Personal/ros2_drive_controller/ros2_ws/build/diff_drive_controller -- -j16 -l16
[0.036s] -- Found ament_cmake: 1.3.11 (/opt/ros/humble/share/ament_cmake/cmake)
[0.127s] -- Override CMake install command with custom implementation using symlinks instead of copying resources
[0.132s] -- Found rclcpp: 16.0.12 (/opt/ros/humble/share/rclcpp/cmake)
[0.151s] -- Found rosidl_generator_c: 3.1.6 (/opt/ros/humble/share/rosidl_generator_c/cmake)
[0.153s] -- Found rosidl_adapter: 3.1.6 (/opt/ros/humble/share/rosidl_adapter/cmake)
[0.157s] -- Found rosidl_generator_cpp: 3.1.6 (/opt/ros/humble/share/rosidl_generator_cpp/cmake)
[0.164s] -- Using all available rosidl_typesupport_c: rosidl_typesupport_fastrtps_c;rosidl_typesupport_introspection_c
[0.174s] -- Using all available rosidl_typesupport_cpp: rosidl_typesupport_fastrtps_cpp;rosidl_typesupport_introspection_cpp
[0.197s] -- Found rmw_implementation_cmake: 6.1.2 (/opt/ros/humble/share/rmw_implementation_cmake/cmake)
[0.200s] -- Found rmw_fastrtps_cpp: 6.2.7 (/opt/ros/humble/share/rmw_fastrtps_cpp/cmake)
[0.292s] -- Using RMW implementation 'rmw_fastrtps_cpp' as default
[0.327s] -- Found ament_lint_auto: 0.12.12 (/opt/ros/humble/share/ament_lint_auto/cmake)
[0.395s] -- Configuring done
[0.401s] -- Generating done
[0.403s] -- Build files have been written to: /home/tingsheng/Documents/Personal/ros2_drive_controller/ros2_ws/build/diff_drive_controller
[0.431s] [35m[1mConsolidate compiler generated dependencies of target talker[0m
[0.448s] [ 50%] [32mBuilding CXX object CMakeFiles/talker.dir/src/publisher_member_function.cpp.o[0m
[5.736s] [100%] [32m[1mLinking CXX executable talker[0m
[5.978s] [100%] Built target talker
[5.989s] Invoked command in '/home/tingsheng/Documents/Personal/ros2_drive_controller/ros2_ws/build/diff_drive_controller' returned '0': CMAKE_PREFIX_PATH=${CMAKE_PREFIX_PATH}:/home/tingsheng/ws_isaacsim/install/isaac_ros_navigation_goal:/home/tingsheng/ws_moveit/install/moveit_configs_utils:/home/tingsheng/ws_moveit/install/launch_param_builder:/opt/ros/humble /usr/bin/cmake --build /home/tingsheng/Documents/Personal/ros2_drive_controller/ros2_ws/build/diff_drive_controller -- -j16 -l16
[5.998s] Invoking command in '/home/tingsheng/Documents/Personal/ros2_drive_controller/ros2_ws/build/diff_drive_controller': CMAKE_PREFIX_PATH=${CMAKE_PREFIX_PATH}:/home/tingsheng/ws_isaacsim/install/isaac_ros_navigation_goal:/home/tingsheng/ws_moveit/install/moveit_configs_utils:/home/tingsheng/ws_moveit/install/launch_param_builder:/opt/ros/humble /usr/bin/cmake --install /home/tingsheng/Documents/Personal/ros2_drive_controller/ros2_ws/build/diff_drive_controller
[6.004s] -- Install configuration: ""
[6.004s] -- Execute custom install script
[6.004s] -- Up-to-date symlink: /home/tingsheng/Documents/Personal/ros2_drive_controller/ros2_ws/install/diff_drive_controller/lib/diff_drive_controller/talker
[6.004s] -- Up-to-date symlink: /home/tingsheng/Documents/Personal/ros2_drive_controller/ros2_ws/install/diff_drive_controller/share/ament_index/resource_index/package_run_dependencies/diff_drive_controller
[6.004s] -- Up-to-date symlink: /home/tingsheng/Documents/Personal/ros2_drive_controller/ros2_ws/install/diff_drive_controller/share/ament_index/resource_index/parent_prefix_path/diff_drive_controller
[6.004s] -- Up-to-date symlink: /home/tingsheng/Documents/Personal/ros2_drive_controller/ros2_ws/install/diff_drive_controller/share/diff_drive_controller/environment/ament_prefix_path.sh
[6.005s] -- Up-to-date symlink: /home/tingsheng/Documents/Personal/ros2_drive_controller/ros2_ws/install/diff_drive_controller/share/diff_drive_controller/environment/ament_prefix_path.dsv
[6.005s] -- Up-to-date symlink: /home/tingsheng/Documents/Personal/ros2_drive_controller/ros2_ws/install/diff_drive_controller/share/diff_drive_controller/environment/path.sh
[6.005s] -- Up-to-date symlink: /home/tingsheng/Documents/Personal/ros2_drive_controller/ros2_ws/install/diff_drive_controller/share/diff_drive_controller/environment/path.dsv
[6.005s] -- Up-to-date symlink: /home/tingsheng/Documents/Personal/ros2_drive_controller/ros2_ws/install/diff_drive_controller/share/diff_drive_controller/local_setup.bash
[6.005s] -- Up-to-date symlink: /home/tingsheng/Documents/Personal/ros2_drive_controller/ros2_ws/install/diff_drive_controller/share/diff_drive_controller/local_setup.sh
[6.005s] -- Up-to-date symlink: /home/tingsheng/Documents/Personal/ros2_drive_controller/ros2_ws/install/diff_drive_controller/share/diff_drive_controller/local_setup.zsh
[6.005s] -- Up-to-date symlink: /home/tingsheng/Documents/Personal/ros2_drive_controller/ros2_ws/install/diff_drive_controller/share/diff_drive_controller/local_setup.dsv
[6.005s] -- Symlinking: /home/tingsheng/Documents/Personal/ros2_drive_controller/ros2_ws/install/diff_drive_controller/share/diff_drive_controller/package.dsv
[6.014s] -- Up-to-date symlink: /home/tingsheng/Documents/Personal/ros2_drive_controller/ros2_ws/install/diff_drive_controller/share/ament_index/resource_index/packages/diff_drive_controller
[6.014s] -- Up-to-date symlink: /home/tingsheng/Documents/Personal/ros2_drive_controller/ros2_ws/install/diff_drive_controller/share/diff_drive_controller/cmake/diff_drive_controllerConfig.cmake
[6.014s] -- Up-to-date symlink: /home/tingsheng/Documents/Personal/ros2_drive_controller/ros2_ws/install/diff_drive_controller/share/diff_drive_controller/cmake/diff_drive_controllerConfig-version.cmake
[6.014s] -- Up-to-date symlink: /home/tingsheng/Documents/Personal/ros2_drive_controller/ros2_ws/install/diff_drive_controller/share/diff_drive_controller/package.xml
[6.015s] Invoked command in '/home/tingsheng/Documents/Personal/ros2_drive_controller/ros2_ws/build/diff_drive_controller' returned '0': CMAKE_PREFIX_PATH=${CMAKE_PREFIX_PATH}:/home/tingsheng/ws_isaacsim/install/isaac_ros_navigation_goal:/home/tingsheng/ws_moveit/install/moveit_configs_utils:/home/tingsheng/ws_moveit/install/launch_param_builder:/opt/ros/humble /usr/bin/cmake --install /home/tingsheng/Documents/Personal/ros2_drive_controller/ros2_ws/build/diff_drive_controller
